134	0.000000	a\COCO_train2014_000000000984.jpg
189	0.000000	a\COCO_train2014_000000001375.jpg
275	0.000000	a\COCO_train2014_000000001924.jpg
176	0.000000	a\COCO_train2014_000000001307.jpg
445	0.000000	a\COCO_train2014_000000003314.jpg
146	0.000000	a\COCO_train2014_000000001090.jpg
327	0.000000	a\COCO_train2014_000000002369.jpg
2	0.000000	a\30.jpg
188	0.000000	a\COCO_train2014_000000001366.jpg
204	0.000000	a\COCO_train2014_000000001472.jpg
28	0.000000	a\COCO_train2014_000000000151.jpg
476	0.000000	a\COCO_train2014_000000003535.jpg
514	0.000000	a\COCO_train2014_000000003917.jpg
29	0.000000	a\COCO_train2014_000000000154.jpg
403	0.000000	a\COCO_train2014_000000002907.jpg
9	0.000000	a\COCO_train2014_000000000061.jpg
462	0.000000	a\COCO_train2014_000000003461.jpg
257	0.000000	a\COCO_train2014_000000001810.jpg
464	0.000000	a\COCO_train2014_000000003474.jpg
481	0.000000	a\COCO_train2014_000000003623.jpg
267	0.000000	a\COCO_train2014_000000001895.jpg
229	0.000000	a\COCO_train2014_000000001622.jpg
304	0.000000	a\COCO_train2014_000000002193.jpg
38	0.000000	a\COCO_train2014_000000000308.jpg
556	0.000000	a\COCO_train2014_000000004308.jpg
222	0.000000	a\COCO_train2014_000000001569.jpg
551	0.000000	a\COCO_train2014_000000004259.jpg
397	0.000000	a\COCO_train2014_000000002849.jpg
145	0.000000	a\COCO_train2014_000000001085.jpg
523	0.000000	a\COCO_train2014_000000003999.jpg
196	0.000000	a\COCO_train2014_000000001403.jpg
270	0.000000	a\COCO_train2014_000000001906.jpg
105	0.000000	a\COCO_train2014_000000000762.jpg
109	0.000000	a\COCO_train2014_000000000797.jpg
286	0.000000	a\COCO_train2014_000000002001.jpg
383	0.000000	a\COCO_train2014_000000002732.jpg
453	0.000000	a\COCO_train2014_000000003366.jpg
140	0.000000	a\COCO_train2014_000000001036.jpg
159	0.000000	a\COCO_train2014_000000001168.jpg
425	0.000000	a\COCO_train2014_000000003157.jpg
311	0.000000	a\COCO_train2014_000000002244.jpg
516	0.000000	a\COCO_train2014_000000003935.jpg
359	0.000000	a\COCO_train2014_000000002575.jpg
174	0.000000	a\COCO_train2014_000000001298.jpg
110	0.000000	a\COCO_train2014_000000000801.jpg
570	1.000000	b\COCO_train2014_000000000531.jpg
141	0.000000	a\COCO_train2014_000000001053.jpg
302	0.000000	a\COCO_train2014_000000002178.jpg
33	0.000000	a\COCO_train2014_000000000247.jpg
173	0.000000	a\COCO_train2014_000000001295.jpg
65	0.000000	a\COCO_train2014_000000000510.jpg
294	0.000000	a\COCO_train2014_000000002083.jpg
272	0.000000	a\COCO_train2014_000000001911.jpg
96	0.000000	a\COCO_train2014_000000000706.jpg
591	2.000000	c\COCO_train2014_000000000092.jpg
536	0.000000	a\COCO_train2014_000000004132.jpg
601	2.000000	c\COCO_train2014_000000000312.jpg
277	0.000000	a\COCO_train2014_000000001941.jpg
564	1.000000	b\COCO_train2014_000000000419.jpg
177	0.000000	a\COCO_train2014_000000001308.jpg
27	0.000000	a\COCO_train2014_000000000149.jpg
584	2.000000	c\COCO_train2014_000000000009.jpg
84	0.000000	a\COCO_train2014_000000000629.jpg
236	0.000000	a\COCO_train2014_000000001681.jpg
170	0.000000	a\COCO_train2014_000000001264.jpg
379	0.000000	a\COCO_train2014_000000002691.jpg
475	0.000000	a\COCO_train2014_000000003532.jpg
468	0.000000	a\COCO_train2014_000000003493.jpg
274	0.000000	a\COCO_train2014_000000001915.jpg
142	0.000000	a\COCO_train2014_000000001059.jpg
331	0.000000	a\COCO_train2014_000000002389.jpg
92	0.000000	a\COCO_train2014_000000000673.jpg
382	0.000000	a\COCO_train2014_000000002703.jpg
326	0.000000	a\COCO_train2014_000000002349.jpg
498	0.000000	a\COCO_train2014_000000003782.jpg
210	0.000000	a\COCO_train2014_000000001507.jpg
436	0.000000	a\COCO_train2014_000000003249.jpg
377	0.000000	a\COCO_train2014_000000002686.jpg
413	0.000000	a\COCO_train2014_000000003000.jpg
293	0.000000	a\COCO_train2014_000000002072.jpg
440	0.000000	a\COCO_train2014_000000003272.jpg
14	0.000000	a\COCO_train2014_000000000078.jpg
305	0.000000	a\COCO_train2014_000000002197.jpg
547	0.000000	a\COCO_train2014_000000004219.jpg
581	1.000000	b\COCO_train2014_000000000690.jpg
251	0.000000	a\COCO_train2014_000000001781.jpg
278	0.000000	a\COCO_train2014_000000001942.jpg
387	0.000000	a\COCO_train2014_000000002755.jpg
367	0.000000	a\COCO_train2014_000000002618.jpg
575	1.000000	b\COCO_train2014_000000000612.jpg
60	0.000000	a\COCO_train2014_000000000450.jpg
16	0.000000	a\COCO_train2014_000000000086.jpg
207	0.000000	a\COCO_train2014_000000001497.jpg
239	0.000000	a\COCO_train2014_000000001706.jpg
404	0.000000	a\COCO_train2014_000000002931.jpg
172	0.000000	a\COCO_train2014_000000001282.jpg
113	0.000000	a\COCO_train2014_000000000825.jpg
143	0.000000	a\COCO_train2014_000000001072.jpg
291	0.000000	a\COCO_train2014_000000002066.jpg
76	0.000000	a\COCO_train2014_000000000581.jpg
538	0.000000	a\COCO_train2014_000000004139.jpg
322	0.000000	a\COCO_train2014_000000002309.jpg
392	0.000000	a\COCO_train2014_000000002782.jpg
319	0.000000	a\COCO_train2014_000000002283.jpg
36	0.000000	a\COCO_train2014_000000000263.jpg
0	0.000000	a\13.jpg
185	0.000000	a\COCO_train2014_000000001355.jpg
348	0.000000	a\COCO_train2014_000000002531.jpg
485	0.000000	a\COCO_train2014_000000003668.jpg
429	0.000000	a\COCO_train2014_000000003219.jpg
77	0.000000	a\COCO_train2014_000000000584.jpg
336	0.000000	a\COCO_train2014_000000002429.jpg
181	0.000000	a\COCO_train2014_000000001323.jpg
190	0.000000	a\COCO_train2014_000000001381.jpg
256	0.000000	a\COCO_train2014_000000001804.jpg
107	0.000000	a\COCO_train2014_000000000790.jpg
550	0.000000	a\COCO_train2014_000000004245.jpg
72	0.000000	a\COCO_train2014_000000000560.jpg
401	0.000000	a\COCO_train2014_000000002896.jpg
452	0.000000	a\COCO_train2014_000000003365.jpg
332	0.000000	a\COCO_train2014_000000002400.jpg
374	0.000000	a\COCO_train2014_000000002658.jpg
50	0.000000	a\COCO_train2014_000000000384.jpg
558	0.000000	a\COCO_train2014_000000004318.jpg
480	0.000000	a\COCO_train2014_000000003613.jpg
528	0.000000	a\COCO_train2014_000000004051.jpg
139	0.000000	a\COCO_train2014_000000001025.jpg
309	0.000000	a\COCO_train2014_000000002229.jpg
586	2.000000	c\COCO_train2014_000000000030.jpg
262	0.000000	a\COCO_train2014_000000001837.jpg
288	0.000000	a\COCO_train2014_000000002024.jpg
125	0.000000	a\COCO_train2014_000000000927.jpg
312	0.000000	a\COCO_train2014_000000002258.jpg
22	0.000000	a\COCO_train2014_000000000113.jpg
249	0.000000	a\COCO_train2014_000000001774.jpg
162	0.000000	a\COCO_train2014_000000001204.jpg
508	0.000000	a\COCO_train2014_000000003870.jpg
518	0.000000	a\COCO_train2014_000000003967.jpg
532	0.000000	a\COCO_train2014_000000004080.jpg
191	0.000000	a\COCO_train2014_000000001386.jpg
122	0.000000	a\COCO_train2014_000000000909.jpg
388	0.000000	a\COCO_train2014_000000002758.jpg
70	0.000000	a\COCO_train2014_000000000540.jpg
499	0.000000	a\COCO_train2014_000000003789.jpg
271	0.000000	a\COCO_train2014_000000001907.jpg
561	1.000000	b\COCO_train2014_000000000368.jpg
450	0.000000	a\COCO_train2014_000000003353.jpg
597	2.000000	c\COCO_train2014_000000000201.jpg
200	0.000000	a\COCO_train2014_000000001431.jpg
250	0.000000	a\COCO_train2014_000000001777.jpg
212	0.000000	a\COCO_train2014_000000001515.jpg
391	0.000000	a\COCO_train2014_000000002776.jpg
353	0.000000	a\COCO_train2014_000000002555.jpg
95	0.000000	a\COCO_train2014_000000000690.jpg
292	0.000000	a\COCO_train2014_000000002068.jpg
192	0.000000	a\COCO_train2014_000000001390.jpg
130	0.000000	a\COCO_train2014_000000000960.jpg
477	0.000000	a\COCO_train2014_000000003538.jpg
579	1.000000	b\COCO_train2014_000000000659.jpg
88	0.000000	a\COCO_train2014_000000000656.jpg
517	0.000000	a\COCO_train2014_000000003941.jpg
577	1.000000	b\COCO_train2014_000000000650.jpg
454	0.000000	a\COCO_train2014_000000003375.jpg
512	0.000000	a\COCO_train2014_000000003911.jpg
441	0.000000	a\COCO_train2014_000000003276.jpg
298	0.000000	a\COCO_train2014_000000002114.jpg
588	2.000000	c\COCO_train2014_000000000071.jpg
529	0.000000	a\COCO_train2014_000000004057.jpg
342	0.000000	a\COCO_train2014_000000002459.jpg
362	0.000000	a\COCO_train2014_000000002591.jpg
432	0.000000	a\COCO_train2014_000000003225.jpg
340	0.000000	a\COCO_train2014_000000002448.jpg
483	0.000000	a\COCO_train2014_000000003637.jpg
203	0.000000	a\COCO_train2014_000000001455.jpg
263	0.000000	a\COCO_train2014_000000001864.jpg
255	0.000000	a\COCO_train2014_000000001792.jpg
135	0.000000	a\COCO_train2014_000000000996.jpg
308	0.000000	a\COCO_train2014_000000002217.jpg
433	0.000000	a\COCO_train2014_000000003234.jpg
592	2.000000	c\COCO_train2014_000000000094.jpg
266	0.000000	a\COCO_train2014_000000001888.jpg
335	0.000000	a\COCO_train2014_000000002415.jpg
474	0.000000	a\COCO_train2014_000000003528.jpg
126	0.000000	a\COCO_train2014_000000000934.jpg
338	0.000000	a\COCO_train2014_000000002445.jpg
47	0.000000	a\COCO_train2014_000000000368.jpg
32	0.000000	a\COCO_train2014_000000000201.jpg
451	0.000000	a\COCO_train2014_000000003361.jpg
264	0.000000	a\COCO_train2014_000000001875.jpg
93	0.000000	a\COCO_train2014_000000000681.jpg
493	0.000000	a\COCO_train2014_000000003737.jpg
136	0.000000	a\COCO_train2014_000000001006.jpg
565	1.000000	b\COCO_train2014_000000000446.jpg
225	0.000000	a\COCO_train2014_000000001586.jpg
158	0.000000	a\COCO_train2014_000000001166.jpg
147	0.000000	a\COCO_train2014_000000001098.jpg
325	0.000000	a\COCO_train2014_000000002347.jpg
148	0.000000	a\COCO_train2014_000000001099.jpg
238	0.000000	a\COCO_train2014_000000001697.jpg
167	0.000000	a\COCO_train2014_000000001237.jpg
582	1.000000	b\COCO_train2014_000000000706.jpg
91	0.000000	a\COCO_train2014_000000000671.jpg
439	0.000000	a\COCO_train2014_000000003270.jpg
395	0.000000	a\COCO_train2014_000000002842.jpg
521	0.000000	a\COCO_train2014_000000003992.jpg
428	0.000000	a\COCO_train2014_000000003197.jpg
491	0.000000	a\COCO_train2014_000000003729.jpg
67	0.000000	a\COCO_train2014_000000000529.jpg
578	1.000000	b\COCO_train2014_000000000656.jpg
86	0.000000	a\COCO_train2014_000000000643.jpg
297	0.000000	a\COCO_train2014_000000002106.jpg
385	0.000000	a\COCO_train2014_000000002752.jpg
544	0.000000	a\COCO_train2014_000000004189.jpg
233	0.000000	a\COCO_train2014_000000001645.jpg
231	0.000000	a\COCO_train2014_000000001637.jpg
390	0.000000	a\COCO_train2014_000000002774.jpg
198	0.000000	a\COCO_train2014_000000001408.jpg
456	0.000000	a\COCO_train2014_000000003389.jpg
300	0.000000	a\COCO_train2014_000000002148.jpg
120	0.000000	a\COCO_train2014_000000000902.jpg
157	0.000000	a\COCO_train2014_000000001155.jpg
364	0.000000	a\COCO_train2014_000000002606.jpg
43	0.000000	a\COCO_train2014_000000000322.jpg
30	0.000000	a\COCO_train2014_000000000165.jpg
90	0.000000	a\COCO_train2014_000000000670.jpg
567	1.000000	b\COCO_train2014_000000000471.jpg
509	0.000000	a\COCO_train2014_000000003877.jpg
460	0.000000	a\COCO_train2014_000000003442.jpg
169	0.000000	a\COCO_train2014_000000001261.jpg
599	2.000000	c\COCO_train2014_000000000308.jpg
571	1.000000	b\COCO_train2014_000000000562.jpg
132	0.000000	a\COCO_train2014_000000000977.jpg
219	0.000000	a\COCO_train2014_000000001548.jpg
347	0.000000	a\COCO_train2014_000000002498.jpg
247	0.000000	a\COCO_train2014_000000001764.jpg
186	0.000000	a\COCO_train2014_000000001359.jpg
323	0.000000	a\COCO_train2014_000000002337.jpg
85	0.000000	a\COCO_train2014_000000000634.jpg
66	0.000000	a\COCO_train2014_000000000514.jpg
389	0.000000	a\COCO_train2014_000000002770.jpg
600	2.000000	c\COCO_train2014_000000000309.jpg
473	0.000000	a\COCO_train2014_000000003521.jpg
102	0.000000	a\COCO_train2014_000000000735.jpg
339	0.000000	a\COCO_train2014_000000002446.jpg
243	0.000000	a\COCO_train2014_000000001732.jpg
531	0.000000	a\COCO_train2014_000000004068.jpg
526	0.000000	a\COCO_train2014_000000004038.jpg
68	0.000000	a\COCO_train2014_000000000531.jpg
52	0.000000	a\COCO_train2014_000000000394.jpg
484	0.000000	a\COCO_train2014_000000003640.jpg
111	0.000000	a\COCO_train2014_000000000813.jpg
587	2.000000	c\COCO_train2014_000000000064.jpg
457	0.000000	a\COCO_train2014_000000003398.jpg
448	0.000000	a\COCO_train2014_000000003325.jpg
554	0.000000	a\COCO_train2014_000000004282.jpg
217	0.000000	a\COCO_train2014_000000001527.jpg
31	0.000000	a\COCO_train2014_000000000194.jpg
254	0.000000	a\COCO_train2014_000000001790.jpg
546	0.000000	a\COCO_train2014_000000004208.jpg
3	0.000000	a\COCO_train2014_000000000009.jpg
313	0.000000	a\COCO_train2014_000000002270.jpg
357	0.000000	a\COCO_train2014_000000002567.jpg
21	0.000000	a\COCO_train2014_000000000110.jpg
426	0.000000	a\COCO_train2014_000000003160.jpg
83	0.000000	a\COCO_train2014_000000000625.jpg
265	0.000000	a\COCO_train2014_000000001877.jpg
273	0.000000	a\COCO_train2014_000000001912.jpg
8	0.000000	a\COCO_train2014_000000000049.jpg
416	0.000000	a\COCO_train2014_000000003040.jpg
369	0.000000	a\COCO_train2014_000000002623.jpg
504	0.000000	a\COCO_train2014_000000003830.jpg
455	0.000000	a\COCO_train2014_000000003386.jpg
160	0.000000	a\COCO_train2014_000000001183.jpg
467	0.000000	a\COCO_train2014_000000003483.jpg
161	0.000000	a\COCO_train2014_000000001200.jpg
398	0.000000	a\COCO_train2014_000000002860.jpg
41	0.000000	a\COCO_train2014_000000000315.jpg
216	0.000000	a\COCO_train2014_000000001526.jpg
345	0.000000	a\COCO_train2014_000000002471.jpg
78	0.000000	a\COCO_train2014_000000000595.jpg
573	1.000000	b\COCO_train2014_000000000575.jpg
490	0.000000	a\COCO_train2014_000000003713.jpg
318	0.000000	a\COCO_train2014_000000002281.jpg
563	1.000000	b\COCO_train2014_000000000404.jpg
98	0.000000	a\COCO_train2014_000000000716.jpg
527	0.000000	a\COCO_train2014_000000004042.jpg
287	0.000000	a\COCO_train2014_000000002007.jpg
156	0.000000	a\COCO_train2014_000000001145.jpg
431	0.000000	a\COCO_train2014_000000003224.jpg
153	0.000000	a\COCO_train2014_000000001122.jpg
61	0.000000	a\COCO_train2014_000000000471.jpg
569	1.000000	b\COCO_train2014_000000000529.jpg
187	0.000000	a\COCO_train2014_000000001360.jpg
366	0.000000	a\COCO_train2014_000000002614.jpg
58	0.000000	a\COCO_train2014_000000000443.jpg
566	1.000000	b\COCO_train2014_000000000450.jpg
237	0.000000	a\COCO_train2014_000000001688.jpg
119	0.000000	a\COCO_train2014_000000000901.jpg
368	0.000000	a\COCO_train2014_000000002619.jpg
20	0.000000	a\COCO_train2014_000000000109.jpg
574	1.000000	b\COCO_train2014_000000000605.jpg
549	0.000000	a\COCO_train2014_000000004244.jpg
303	0.000000	a\COCO_train2014_000000002184.jpg
469	0.000000	a\COCO_train2014_000000003511.jpg
15	0.000000	a\COCO_train2014_000000000081.jpg
131	0.000000	a\COCO_train2014_000000000965.jpg
301	0.000000	a\COCO_train2014_000000002150.jpg
321	0.000000	a\COCO_train2014_000000002296.jpg
524	0.000000	a\COCO_train2014_000000004020.jpg
252	0.000000	a\COCO_train2014_000000001785.jpg
104	0.000000	a\COCO_train2014_000000000754.jpg
314	0.000000	a\COCO_train2014_000000002276.jpg
261	0.000000	a\COCO_train2014_000000001822.jpg
361	0.000000	a\COCO_train2014_000000002585.jpg
506	0.000000	a\COCO_train2014_000000003862.jpg
560	1.000000	b\COCO_train2014_000000000349.jpg
240	0.000000	a\COCO_train2014_000000001709.jpg
370	0.000000	a\COCO_train2014_000000002624.jpg
350	0.000000	a\COCO_train2014_000000002543.jpg
280	0.000000	a\COCO_train2014_000000001947.jpg
57	0.000000	a\COCO_train2014_000000000438.jpg
557	0.000000	a\COCO_train2014_000000004309.jpg
115	0.000000	a\COCO_train2014_000000000839.jpg
7	0.000000	a\COCO_train2014_000000000036.jpg
415	0.000000	a\COCO_train2014_000000003008.jpg
117	0.000000	a\COCO_train2014_000000000882.jpg
598	2.000000	c\COCO_train2014_000000000247.jpg
539	0.000000	a\COCO_train2014_000000004140.jpg
580	1.000000	b\COCO_train2014_000000000684.jpg
241	0.000000	a\COCO_train2014_000000001712.jpg
534	0.000000	a\COCO_train2014_000000004130.jpg
418	0.000000	a\COCO_train2014_000000003076.jpg
248	0.000000	a\COCO_train2014_000000001771.jpg
330	0.000000	a\COCO_train2014_000000002377.jpg
555	0.000000	a\COCO_train2014_000000004289.jpg
393	0.000000	a\COCO_train2014_000000002823.jpg
409	0.000000	a\COCO_train2014_000000002983.jpg
183	0.000000	a\COCO_train2014_000000001332.jpg
87	0.000000	a\COCO_train2014_000000000650.jpg
585	2.000000	c\COCO_train2014_000000000025.jpg
479	0.000000	a\COCO_train2014_000000003602.jpg
406	0.000000	a\COCO_train2014_000000002963.jpg
487	0.000000	a\COCO_train2014_000000003682.jpg
75	0.000000	a\COCO_train2014_000000000575.jpg
290	0.000000	a\COCO_train2014_000000002056.jpg
284	0.000000	a\COCO_train2014_000000001997.jpg
449	0.000000	a\COCO_train2014_000000003348.jpg
417	0.000000	a\COCO_train2014_000000003048.jpg
381	0.000000	a\COCO_train2014_000000002697.jpg
435	0.000000	a\COCO_train2014_000000003242.jpg
45	0.000000	a\COCO_train2014_000000000332.jpg
54	0.000000	a\COCO_train2014_000000000419.jpg
246	0.000000	a\COCO_train2014_000000001762.jpg
79	0.000000	a\COCO_train2014_000000000597.jpg
289	0.000000	a\COCO_train2014_000000002055.jpg
10	0.000000	a\COCO_train2014_000000000064.jpg
463	0.000000	a\COCO_train2014_000000003464.jpg
226	0.000000	a\COCO_train2014_000000001589.jpg
23	0.000000	a\COCO_train2014_000000000127.jpg
35	0.000000	a\COCO_train2014_000000000260.jpg
422	0.000000	a\COCO_train2014_000000003124.jpg
179	0.000000	a\COCO_train2014_000000001315.jpg
220	0.000000	a\COCO_train2014_000000001558.jpg
380	0.000000	a\COCO_train2014_000000002693.jpg
201	0.000000	a\COCO_train2014_000000001451.jpg
496	0.000000	a\COCO_train2014_000000003764.jpg
114	0.000000	a\COCO_train2014_000000000828.jpg
315	0.000000	a\COCO_train2014_000000002278.jpg
522	0.000000	a\COCO_train2014_000000003995.jpg
373	0.000000	a\COCO_train2014_000000002645.jpg
64	0.000000	a\COCO_train2014_000000000508.jpg
154	0.000000	a\COCO_train2014_000000001139.jpg
333	0.000000	a\COCO_train2014_000000002402.jpg
56	0.000000	a\COCO_train2014_000000000436.jpg
541	0.000000	a\COCO_train2014_000000004172.jpg
400	0.000000	a\COCO_train2014_000000002892.jpg
437	0.000000	a\COCO_train2014_000000003259.jpg
223	0.000000	a\COCO_train2014_000000001579.jpg
69	0.000000	a\COCO_train2014_000000000532.jpg
324	0.000000	a\COCO_train2014_000000002342.jpg
234	0.000000	a\COCO_train2014_000000001670.jpg
459	0.000000	a\COCO_train2014_000000003432.jpg
37	0.000000	a\COCO_train2014_000000000307.jpg
442	0.000000	a\COCO_train2014_000000003286.jpg
530	0.000000	a\COCO_train2014_000000004065.jpg
295	0.000000	a\COCO_train2014_000000002089.jpg
543	0.000000	a\COCO_train2014_000000004180.jpg
500	0.000000	a\COCO_train2014_000000003804.jpg
553	0.000000	a\COCO_train2014_000000004278.jpg
100	0.000000	a\COCO_train2014_000000000723.jpg
228	0.000000	a\COCO_train2014_000000001611.jpg
414	0.000000	a\COCO_train2014_000000003003.jpg
195	0.000000	a\COCO_train2014_000000001401.jpg
194	0.000000	a\COCO_train2014_000000001397.jpg
89	0.000000	a\COCO_train2014_000000000659.jpg
202	0.000000	a\COCO_train2014_000000001453.jpg
259	0.000000	a\COCO_train2014_000000001813.jpg
163	0.000000	a\COCO_train2014_000000001213.jpg
360	0.000000	a\COCO_train2014_000000002583.jpg
6	0.000000	a\COCO_train2014_000000000034.jpg
376	0.000000	a\COCO_train2014_000000002672.jpg
349	0.000000	a\COCO_train2014_000000002536.jpg
595	2.000000	c\COCO_train2014_000000000144.jpg
471	0.000000	a\COCO_train2014_000000003517.jpg
81	0.000000	a\COCO_train2014_000000000612.jpg
73	0.000000	a\COCO_train2014_000000000562.jpg
283	0.000000	a\COCO_train2014_000000001994.jpg
576	1.000000	b\COCO_train2014_000000000620.jpg
510	0.000000	a\COCO_train2014_000000003897.jpg
354	0.000000	a\COCO_train2014_000000002559.jpg
461	0.000000	a\COCO_train2014_000000003457.jpg
42	0.000000	a\COCO_train2014_000000000321.jpg
94	0.000000	a\COCO_train2014_000000000684.jpg
394	0.000000	a\COCO_train2014_000000002833.jpg
372	0.000000	a\COCO_train2014_000000002644.jpg
17	0.000000	a\COCO_train2014_000000000089.jpg
501	0.000000	a\COCO_train2014_000000003812.jpg
344	0.000000	a\COCO_train2014_000000002470.jpg
165	0.000000	a\COCO_train2014_000000001224.jpg
180	0.000000	a\COCO_train2014_000000001319.jpg
299	0.000000	a\COCO_train2014_000000002135.jpg
420	0.000000	a\COCO_train2014_000000003080.jpg
515	0.000000	a\COCO_train2014_000000003920.jpg
11	0.000000	a\COCO_train2014_000000000071.jpg
320	0.000000	a\COCO_train2014_000000002284.jpg
548	0.000000	a\COCO_train2014_000000004239.jpg
427	0.000000	a\COCO_train2014_000000003178.jpg
507	0.000000	a\COCO_train2014_000000003866.jpg
152	0.000000	a\COCO_train2014_000000001111.jpg
593	2.000000	c\COCO_train2014_000000000138.jpg
40	0.000000	a\COCO_train2014_000000000312.jpg
533	0.000000	a\COCO_train2014_000000004129.jpg
4	0.000000	a\COCO_train2014_000000000025.jpg
206	0.000000	a\COCO_train2014_000000001496.jpg
118	0.000000	a\COCO_train2014_000000000897.jpg
535	0.000000	a\COCO_train2014_000000004131.jpg
285	0.000000	a\COCO_train2014_000000001999.jpg
421	0.000000	a\COCO_train2014_000000003118.jpg
13	0.000000	a\COCO_train2014_000000000077.jpg
488	0.000000	a\COCO_train2014_000000003685.jpg
511	0.000000	a\COCO_train2014_000000003899.jpg
407	0.000000	a\COCO_train2014_000000002964.jpg
542	0.000000	a\COCO_train2014_000000004173.jpg
1	0.000000	a\25.jpg
138	0.000000	a\COCO_train2014_000000001014.jpg
199	0.000000	a\COCO_train2014_000000001424.jpg
494	0.000000	a\COCO_train2014_000000003745.jpg
520	0.000000	a\COCO_train2014_000000003988.jpg
97	0.000000	a\COCO_train2014_000000000714.jpg
489	0.000000	a\COCO_train2014_000000003692.jpg
363	0.000000	a\COCO_train2014_000000002602.jpg
430	0.000000	a\COCO_train2014_000000003220.jpg
133	0.000000	a\COCO_train2014_000000000982.jpg
434	0.000000	a\COCO_train2014_000000003236.jpg
492	0.000000	a\COCO_train2014_000000003735.jpg
137	0.000000	a\COCO_train2014_000000001011.jpg
306	0.000000	a\COCO_train2014_000000002209.jpg
39	0.000000	a\COCO_train2014_000000000309.jpg
211	0.000000	a\COCO_train2014_000000001510.jpg
424	0.000000	a\COCO_train2014_000000003148.jpg
513	0.000000	a\COCO_train2014_000000003915.jpg
423	0.000000	a\COCO_train2014_000000003131.jpg
74	0.000000	a\COCO_train2014_000000000572.jpg
213	0.000000	a\COCO_train2014_000000001518.jpg
482	0.000000	a\COCO_train2014_000000003628.jpg
438	0.000000	a\COCO_train2014_000000003264.jpg
552	0.000000	a\COCO_train2014_000000004260.jpg
310	0.000000	a\COCO_train2014_000000002232.jpg
99	0.000000	a\COCO_train2014_000000000722.jpg
268	0.000000	a\COCO_train2014_000000001900.jpg
232	0.000000	a\COCO_train2014_000000001639.jpg
356	0.000000	a\COCO_train2014_000000002563.jpg
175	0.000000	a\COCO_train2014_000000001306.jpg
230	0.000000	a\COCO_train2014_000000001625.jpg
497	0.000000	a\COCO_train2014_000000003770.jpg
218	0.000000	a\COCO_train2014_000000001536.jpg
276	0.000000	a\COCO_train2014_000000001926.jpg
18	0.000000	a\COCO_train2014_000000000092.jpg
205	0.000000	a\COCO_train2014_000000001488.jpg
375	0.000000	a\COCO_train2014_000000002664.jpg
352	0.000000	a\COCO_train2014_000000002545.jpg
34	0.000000	a\COCO_train2014_000000000250.jpg
128	0.000000	a\COCO_train2014_000000000943.jpg
62	0.000000	a\COCO_train2014_000000000490.jpg
46	0.000000	a\COCO_train2014_000000000349.jpg
328	0.000000	a\COCO_train2014_000000002372.jpg
108	0.000000	a\COCO_train2014_000000000795.jpg
71	0.000000	a\COCO_train2014_000000000542.jpg
503	0.000000	a\COCO_train2014_000000003827.jpg
48	0.000000	a\COCO_train2014_000000000370.jpg
80	0.000000	a\COCO_train2014_000000000605.jpg
572	1.000000	b\COCO_train2014_000000000572.jpg
537	0.000000	a\COCO_train2014_000000004138.jpg
101	0.000000	a\COCO_train2014_000000000731.jpg
24	0.000000	a\COCO_train2014_000000000138.jpg
386	0.000000	a\COCO_train2014_000000002754.jpg
446	0.000000	a\COCO_train2014_000000003320.jpg
559	1.000000	b\COCO_train2014_000000000332.jpg
408	0.000000	a\COCO_train2014_000000002982.jpg
25	0.000000	a\COCO_train2014_000000000142.jpg
590	2.000000	c\COCO_train2014_000000000089.jpg
227	0.000000	a\COCO_train2014_000000001596.jpg
596	2.000000	c\COCO_train2014_000000000194.jpg
19	0.000000	a\COCO_train2014_000000000094.jpg
279	0.000000	a\COCO_train2014_000000001943.jpg
478	0.000000	a\COCO_train2014_000000003579.jpg
244	0.000000	a\COCO_train2014_000000001737.jpg
329	0.000000	a\COCO_train2014_000000002374.jpg
337	0.000000	a\COCO_train2014_000000002444.jpg
502	0.000000	a\COCO_train2014_000000003823.jpg
583	1.000000	b\COCO_train2014_000000000731.jpg
155	0.000000	a\COCO_train2014_000000001144.jpg
410	0.000000	a\COCO_train2014_000000002989.jpg
106	0.000000	a\COCO_train2014_000000000781.jpg
399	0.000000	a\COCO_train2014_000000002886.jpg
44	0.000000	a\COCO_train2014_000000000326.jpg
214	0.000000	a\COCO_train2014_000000001522.jpg
121	0.000000	a\COCO_train2014_000000000908.jpg
562	1.000000	b\COCO_train2014_000000000394.jpg
486	0.000000	a\COCO_train2014_000000003671.jpg
116	0.000000	a\COCO_train2014_000000000853.jpg
12	0.000000	a\COCO_train2014_000000000072.jpg
589	2.000000	c\COCO_train2014_000000000072.jpg
341	0.000000	a\COCO_train2014_000000002451.jpg
365	0.000000	a\COCO_train2014_000000002608.jpg
221	0.000000	a\COCO_train2014_000000001562.jpg
317	0.000000	a\COCO_train2014_000000002280.jpg
224	0.000000	a\COCO_train2014_000000001580.jpg
51	0.000000	a\COCO_train2014_000000000389.jpg
123	0.000000	a\COCO_train2014_000000000913.jpg
281	0.000000	a\COCO_train2014_000000001958.jpg
55	0.000000	a\COCO_train2014_000000000431.jpg
168	0.000000	a\COCO_train2014_000000001238.jpg
334	0.000000	a\COCO_train2014_000000002411.jpg
59	0.000000	a\COCO_train2014_000000000446.jpg
150	0.000000	a\COCO_train2014_000000001107.jpg
260	0.000000	a\COCO_train2014_000000001815.jpg
505	0.000000	a\COCO_train2014_000000003860.jpg
525	0.000000	a\COCO_train2014_000000004032.jpg
447	0.000000	a\COCO_train2014_000000003321.jpg
245	0.000000	a\COCO_train2014_000000001756.jpg
258	0.000000	a\COCO_train2014_000000001811.jpg
444	0.000000	a\COCO_train2014_000000003305.jpg
307	0.000000	a\COCO_train2014_000000002211.jpg
103	0.000000	a\COCO_train2014_000000000753.jpg
63	0.000000	a\COCO_train2014_000000000491.jpg
411	0.000000	a\COCO_train2014_000000002992.jpg
495	0.000000	a\COCO_train2014_000000003751.jpg
371	0.000000	a\COCO_train2014_000000002639.jpg
351	0.000000	a\COCO_train2014_000000002544.jpg
540	0.000000	a\COCO_train2014_000000004159.jpg
346	0.000000	a\COCO_train2014_000000002496.jpg
296	0.000000	a\COCO_train2014_000000002093.jpg
594	2.000000	c\COCO_train2014_000000000142.jpg
253	0.000000	a\COCO_train2014_000000001786.jpg
53	0.000000	a\COCO_train2014_000000000404.jpg
129	0.000000	a\COCO_train2014_000000000955.jpg
396	0.000000	a\COCO_train2014_000000002843.jpg
458	0.000000	a\COCO_train2014_000000003412.jpg
242	0.000000	a\COCO_train2014_000000001720.jpg
26	0.000000	a\COCO_train2014_000000000144.jpg
171	0.000000	a\COCO_train2014_000000001271.jpg
197	0.000000	a\COCO_train2014_000000001407.jpg
166	0.000000	a\COCO_train2014_000000001232.jpg
151	0.000000	a\COCO_train2014_000000001108.jpg
405	0.000000	a\COCO_train2014_000000002951.jpg
5	0.000000	a\COCO_train2014_000000000030.jpg
184	0.000000	a\COCO_train2014_000000001350.jpg
127	0.000000	a\COCO_train2014_000000000941.jpg
164	0.000000	a\COCO_train2014_000000001216.jpg
384	0.000000	a\COCO_train2014_000000002742.jpg
282	0.000000	a\COCO_train2014_000000001966.jpg
568	1.000000	b\COCO_train2014_000000000514.jpg
472	0.000000	a\COCO_train2014_000000003518.jpg
412	0.000000	a\COCO_train2014_000000002998.jpg
215	0.000000	a\COCO_train2014_000000001523.jpg
419	0.000000	a\COCO_train2014_000000003077.jpg
378	0.000000	a\COCO_train2014_000000002687.jpg
355	0.000000	a\COCO_train2014_000000002560.jpg
193	0.000000	a\COCO_train2014_000000001392.jpg
144	0.000000	a\COCO_train2014_000000001084.jpg
182	0.000000	a\COCO_train2014_000000001330.jpg
208	0.000000	a\COCO_train2014_000000001501.jpg
316	0.000000	a\COCO_train2014_000000002279.jpg
235	0.000000	a\COCO_train2014_000000001674.jpg
343	0.000000	a\COCO_train2014_000000002466.jpg
209	0.000000	a\COCO_train2014_000000001505.jpg
49	0.000000	a\COCO_train2014_000000000382.jpg
269	0.000000	a\COCO_train2014_000000001902.jpg
466	0.000000	a\COCO_train2014_000000003481.jpg
82	0.000000	a\COCO_train2014_000000000620.jpg
124	0.000000	a\COCO_train2014_000000000925.jpg
545	0.000000	a\COCO_train2014_000000004201.jpg
112	0.000000	a\COCO_train2014_000000000821.jpg
519	0.000000	a\COCO_train2014_000000003982.jpg
443	0.000000	a\COCO_train2014_000000003293.jpg
358	0.000000	a\COCO_train2014_000000002570.jpg
402	0.000000	a\COCO_train2014_000000002902.jpg
178	0.000000	a\COCO_train2014_000000001311.jpg
465	0.000000	a\COCO_train2014_000000003478.jpg
470	0.000000	a\COCO_train2014_000000003514.jpg
149	0.000000	a\COCO_train2014_000000001102.jpg
